<?xml version="1.0" encoding="UTF-8"?>
<testng-results skipped="0" failed="0" ignored="0" total="1" passed="1">
  <reporter-output>
  </reporter-output>
  <suite name="Default suite" duration-ms="3160" started-at="2022-01-17T22:11:44 IST" finished-at="2022-01-17T22:11:48 IST">
    <groups>
    </groups>
    <test name="Default test" duration-ms="3160" started-at="2022-01-17T22:11:44 IST" finished-at="2022-01-17T22:11:48 IST">
      <class name="com.restapi.Test_Delete">
        <test-method status="PASS" signature="test()[pri:0, instance:com.restapi.Test_Delete@23d2a7e8]" name="test" duration-ms="3123" started-at="2022-01-17T22:11:44 IST" finished-at="2022-01-17T22:11:48 IST">
          <reporter-output>
          </reporter-output>
        </test-method> <!-- test -->
      </class> <!-- com.restapi.Test_Delete -->
    </test> <!-- Default test -->
  </suite> <!-- Default suite -->
</testng-results>
